<?xml version="1.0" encoding="UTF-8"?>
<!-- Generated by org.testng.reporters.JUnitXMLReporter -->
<testsuite ignored="17" hostname="IN-6ZNN6S3" failures="0" tests="21" name="Default test" time="191.562" errors="0" timestamp="2024-06-14T11:36:58 IST">
  <testcase classname="flipkartAutomate.testFiles.ProductDetailTest" name="testProductDetails" time="6.044"/>
  <testcase classname="flipkartAutomate.testFiles.DownloadOptionTest" name="testAndroidDownloadOption" time="1.228"/>
  <testcase classname="flipkartAutomate.testFiles.DownloadOptionTest" name="testIosDownloadOption" time="1.309"/>
  <testcase classname="flipkartAutomate.testFiles.ForgetPasswordTest" name="testForgetPassword" time="10.129"/>
  <testcase classname="flipkartAutomate.testFiles.FlipkartAdvertiseTest" name="testAdvertise" time="1.853"/>
  <testcase classname="flipkartAutomate.testFiles.LogoVisibility" name="testFlipkartLogoVisibility" time="0.195"/>
  <testcase classname="flipkartAutomate.testFiles.LoginTest" name="testInvalidLogin" time="3.964"/>
  <testcase classname="flipkartAutomate.testFiles.CartLoginTest" name="testCartLogin" time="1.537"/>
  <testcase classname="flipkartAutomate.testFiles.PincodeTest" name="testPincode" time="3.26"/>
  <testcase classname="flipkartAutomate.testFiles.PincodeTest" name="testIncorrectPincode" time="3.368"/>
  <testcase classname="flipkartAutomate.testFiles.RegisterSellerTest" name="testSellerRegistration" time="10.083"/>
  <testcase classname="flipkartAutomate.testFiles.RemoveFromCartTest" name="testRemoveFromCart" time="10.318"/>
  <testcase classname="flipkartAutomate.testFiles.FavouritesProduct" name="testFavouritesProduct" time="10.654"/>
  <testcase classname="flipkartAutomate.testFiles.SellerTest" name="testSellerFunctionality" time="10.103"/>
  <testcase classname="flipkartAutomate.testFiles.ProductSearchTest" name="testSearchData" time="4.431"/>
  <testcase classname="flipkartAutomate.testFiles.ProductSearchTest" name="testInvalidSearchData" time="3.638"/>
  <testcase classname="flipkartAutomate.testFiles.AddToCartTest" name="testAddToCart" time="7.261"/>
  <testcase classname="flipkartAutomate.testFiles.CategoryDropdownTest" name="testCategory" time="1.83"/>
  <testcase classname="flipkartAutomate.testFiles.HelplineFunctionalityTest" name="testHelplineFeature" time="1.97"/>
  <testcase classname="flipkartAutomate.testFiles.HelplineFunctionalityTest" name="testHelplineDisagreeFeature" time="2.031"/>
  <testcase classname="flipkartAutomate.testFiles.SignUpTest" name="testSignUp" time="4.658"/>
  <testcase classname="flipkartAutomate.testFiles.BaseTest" name="@BeforeSuite beforesuite" time="0.0">
    <ignored/>
  </testcase> <!-- @BeforeSuite beforesuite -->
  <testcase classname="flipkartAutomate.testFiles.BaseTest" name="@BeforeSuite beforesuite" time="0.0">
    <ignored/>
  </testcase> <!-- @BeforeSuite beforesuite -->
  <testcase classname="flipkartAutomate.testFiles.BaseTest" name="@BeforeSuite beforesuite" time="0.0">
    <ignored/>
  </testcase> <!-- @BeforeSuite beforesuite -->
  <testcase classname="flipkartAutomate.testFiles.BaseTest" name="@BeforeSuite beforesuite" time="0.0">
    <ignored/>
  </testcase> <!-- @BeforeSuite beforesuite -->
  <testcase classname="flipkartAutomate.testFiles.BaseTest" name="@BeforeSuite beforesuite" time="0.0">
    <ignored/>
  </testcase> <!-- @BeforeSuite beforesuite -->
  <testcase classname="flipkartAutomate.testFiles.BaseTest" name="@BeforeSuite beforesuite" time="0.0">
    <ignored/>
  </testcase> <!-- @BeforeSuite beforesuite -->
  <testcase classname="flipkartAutomate.testFiles.BaseTest" name="@BeforeSuite beforesuite" time="0.0">
    <ignored/>
  </testcase> <!-- @BeforeSuite beforesuite -->
  <testcase classname="flipkartAutomate.testFiles.BaseTest" name="@BeforeSuite beforesuite" time="0.0">
    <ignored/>
  </testcase> <!-- @BeforeSuite beforesuite -->
  <testcase classname="flipkartAutomate.testFiles.BaseTest" name="@BeforeSuite beforesuite" time="0.0">
    <ignored/>
  </testcase> <!-- @BeforeSuite beforesuite -->
  <testcase classname="flipkartAutomate.testFiles.BaseTest" name="@BeforeSuite beforesuite" time="0.0">
    <ignored/>
  </testcase> <!-- @BeforeSuite beforesuite -->
  <testcase classname="flipkartAutomate.testFiles.BaseTest" name="@BeforeSuite beforesuite" time="0.0">
    <ignored/>
  </testcase> <!-- @BeforeSuite beforesuite -->
  <testcase classname="flipkartAutomate.testFiles.BaseTest" name="@BeforeSuite beforesuite" time="0.0">
    <ignored/>
  </testcase> <!-- @BeforeSuite beforesuite -->
  <testcase classname="flipkartAutomate.testFiles.BaseTest" name="@BeforeSuite beforesuite" time="0.0">
    <ignored/>
  </testcase> <!-- @BeforeSuite beforesuite -->
  <testcase classname="flipkartAutomate.testFiles.BaseTest" name="@BeforeSuite beforesuite" time="0.0">
    <ignored/>
  </testcase> <!-- @BeforeSuite beforesuite -->
  <testcase classname="flipkartAutomate.testFiles.BaseTest" name="@BeforeSuite beforesuite" time="0.0">
    <ignored/>
  </testcase> <!-- @BeforeSuite beforesuite -->
  <testcase classname="flipkartAutomate.testFiles.BaseTest" name="@BeforeSuite beforesuite" time="0.0">
    <ignored/>
  </testcase> <!-- @BeforeSuite beforesuite -->
  <testcase classname="flipkartAutomate.testFiles.BaseTest" name="@BeforeSuite beforesuite" time="0.0">
    <ignored/>
  </testcase> <!-- @BeforeSuite beforesuite -->
</testsuite> <!-- Default test -->
