<?xml version="1.0" encoding="UTF-8"?>
<!-- Generated by org.testng.reporters.JUnitXMLReporter -->
<testsuite ignored="15" hostname="IN-6ZNN6S3" failures="0" tests="19" name="Command line test" time="172.208" errors="0" timestamp="2024-06-14T11:42:26 IST">
  <testcase classname="flipkartAutomate.testFiles.BaseTest" name="@BeforeMethod setup" time="0.002">
    <skipped/>
  </testcase> <!-- @BeforeMethod setup -->
  <testcase classname="flipkartAutomate.testFiles.BaseTest" name="@AfterMethod teardown" time="0.0">
    <skipped/>
  </testcase> <!-- @AfterMethod teardown -->
  <testcase classname="flipkartAutomate.testFiles.BaseTest" name="@BeforeMethod setup" time="0.002">
    <skipped/>
  </testcase> <!-- @BeforeMethod setup -->
  <testcase classname="flipkartAutomate.testFiles.BaseTest" name="@AfterMethod teardown" time="0.0">
    <skipped/>
  </testcase> <!-- @AfterMethod teardown -->
  <testcase classname="flipkartAutomate.testFiles.BaseTest" name="@BeforeMethod setup" time="0.002">
    <skipped/>
  </testcase> <!-- @BeforeMethod setup -->
  <testcase classname="flipkartAutomate.testFiles.BaseTest" name="@AfterMethod teardown" time="0.0">
    <skipped/>
  </testcase> <!-- @AfterMethod teardown -->
  <testcase classname="flipkartAutomate.testFiles.AddToCartTest" name="testAddToCart" time="8.102"/>
  <testcase classname="flipkartAutomate.testFiles.CartLoginTest" name="testCartLogin" time="0.001">
    <skipped/>
  </testcase> <!-- testCartLogin -->
  <testcase classname="flipkartAutomate.testFiles.CategoryDropdownTest" name="testCategory" time="0.0">
    <skipped/>
  </testcase> <!-- testCategory -->
  <testcase classname="flipkartAutomate.testFiles.DownloadOptionTest" name="testAndroidDownloadOption" time="3.36"/>
  <testcase classname="flipkartAutomate.testFiles.DownloadOptionTest" name="testIosDownloadOption" time="1.425"/>
  <testcase classname="flipkartAutomate.testFiles.FlipkartAdvertiseTest" name="testAdvertise" time="3.412"/>
  <testcase classname="flipkartAutomate.testFiles.ForgetPasswordTest" name="testForgetPassword" time="10.132"/>
  <testcase classname="flipkartAutomate.testFiles.HelplineFunctionalityTest" name="testHelplineFeature" time="2.904"/>
  <testcase classname="flipkartAutomate.testFiles.HelplineFunctionalityTest" name="testHelplineDisagreeFeature" time="2.792"/>
  <testcase classname="flipkartAutomate.testFiles.LoginTest" name="testInvalidLogin" time="4.406"/>
  <testcase classname="flipkartAutomate.testFiles.PincodeTest" name="testPincode" time="8.153"/>
  <testcase classname="flipkartAutomate.testFiles.PincodeTest" name="testIncorrectPincode" time="3.77"/>
  <testcase classname="flipkartAutomate.testFiles.ProductDetailTest" name="testProductDetails" time="8.699"/>
  <testcase classname="flipkartAutomate.testFiles.ProductSearchTest" name="testSearchData" time="4.39"/>
  <testcase classname="flipkartAutomate.testFiles.ProductSearchTest" name="testInvalidSearchData" time="3.797"/>
  <testcase classname="flipkartAutomate.testFiles.RegisterSellerTest" name="testSellerRegistration" time="10.088"/>
  <testcase classname="flipkartAutomate.testFiles.RemoveFromCartTest" name="testRemoveFromCart" time="0.0">
    <skipped/>
  </testcase> <!-- testRemoveFromCart -->
  <testcase classname="flipkartAutomate.testFiles.SellerTest" name="testSellerFunctionality" time="1.307"/>
  <testcase classname="flipkartAutomate.testFiles.SignUpTest" name="testSignUp" time="22.163"/>
  <testcase classname="flipkartAutomate.testFiles.BaseTest" name="@BeforeSuite beforesuite" time="0.0">
    <ignored/>
  </testcase> <!-- @BeforeSuite beforesuite -->
  <testcase classname="flipkartAutomate.testFiles.BaseTest" name="@BeforeSuite beforesuite" time="0.0">
    <ignored/>
  </testcase> <!-- @BeforeSuite beforesuite -->
  <testcase classname="flipkartAutomate.testFiles.BaseTest" name="@BeforeSuite beforesuite" time="0.0">
    <ignored/>
  </testcase> <!-- @BeforeSuite beforesuite -->
  <testcase classname="flipkartAutomate.testFiles.BaseTest" name="@BeforeSuite beforesuite" time="0.0">
    <ignored/>
  </testcase> <!-- @BeforeSuite beforesuite -->
  <testcase classname="flipkartAutomate.testFiles.BaseTest" name="@BeforeSuite beforesuite" time="0.0">
    <ignored/>
  </testcase> <!-- @BeforeSuite beforesuite -->
  <testcase classname="flipkartAutomate.testFiles.BaseTest" name="@BeforeSuite beforesuite" time="0.0">
    <ignored/>
  </testcase> <!-- @BeforeSuite beforesuite -->
  <testcase classname="flipkartAutomate.testFiles.BaseTest" name="@BeforeSuite beforesuite" time="0.0">
    <ignored/>
  </testcase> <!-- @BeforeSuite beforesuite -->
  <testcase classname="flipkartAutomate.testFiles.BaseTest" name="@BeforeSuite beforesuite" time="0.0">
    <ignored/>
  </testcase> <!-- @BeforeSuite beforesuite -->
  <testcase classname="flipkartAutomate.testFiles.BaseTest" name="@BeforeSuite beforesuite" time="0.0">
    <ignored/>
  </testcase> <!-- @BeforeSuite beforesuite -->
  <testcase classname="flipkartAutomate.testFiles.BaseTest" name="@BeforeSuite beforesuite" time="0.0">
    <ignored/>
  </testcase> <!-- @BeforeSuite beforesuite -->
  <testcase classname="flipkartAutomate.testFiles.BaseTest" name="@BeforeSuite beforesuite" time="0.0">
    <ignored/>
  </testcase> <!-- @BeforeSuite beforesuite -->
  <testcase classname="flipkartAutomate.testFiles.BaseTest" name="@BeforeSuite beforesuite" time="0.0">
    <ignored/>
  </testcase> <!-- @BeforeSuite beforesuite -->
  <testcase classname="flipkartAutomate.testFiles.BaseTest" name="@BeforeSuite beforesuite" time="0.0">
    <ignored/>
  </testcase> <!-- @BeforeSuite beforesuite -->
  <testcase classname="flipkartAutomate.testFiles.BaseTest" name="@BeforeSuite beforesuite" time="0.0">
    <ignored/>
  </testcase> <!-- @BeforeSuite beforesuite -->
  <testcase classname="flipkartAutomate.testFiles.BaseTest" name="@BeforeSuite beforesuite" time="0.0">
    <ignored/>
  </testcase> <!-- @BeforeSuite beforesuite -->
</testsuite> <!-- Command line test -->
