<?xml version="1.0" encoding="UTF-8" ?>
<testsuite tests="25" failures="0" name="TestSuite" time="118.807" errors="0" skipped="9">
  <properties>
[...]
</properties>
  <testcase classname="flipkartAutomate.testFiles.AddToCartTest" name="testAddToCart" time="8.107"/>
  <testcase classname="flipkartAutomate.testFiles.CartLoginTest" name="setup" time="9.306">
    <skipped/>
    <system-out>skipping test :testCartLogin
</system-out>
  </testcase>
  <testcase classname="flipkartAutomate.testFiles.CartLoginTest" name="testCartLogin" time="0">
    <skipped/>
  </testcase>
  <testcase classname="flipkartAutomate.testFiles.CartLoginTest" name="teardown" time="0.005">
    <skipped/>
  </testcase>
  <testcase classname="flipkartAutomate.testFiles.CategoryDropdownTest" name="setup" time="0.008">
    <skipped/>
    <system-out>skipping test :testCategory
</system-out>
  </testcase>
  <testcase classname="flipkartAutomate.testFiles.CategoryDropdownTest" name="testCategory" time="0.001">
    <skipped/>
  </testcase>
  <testcase classname="flipkartAutomate.testFiles.CategoryDropdownTest" name="teardown" time="0.003">
    <skipped/>
  </testcase>
  <testcase classname="flipkartAutomate.testFiles.DownloadOptionTest" name="testAndroidDownloadOption" time="3.361"/>
  <testcase classname="flipkartAutomate.testFiles.DownloadOptionTest" name="testIosDownloadOption" time="1.424"/>
  <testcase classname="flipkartAutomate.testFiles.FlipkartAdvertiseTest" name="testAdvertise" time="3.412"/>
  <testcase classname="flipkartAutomate.testFiles.ForgetPasswordTest" name="testForgetPassword" time="10.133"/>
  <testcase classname="flipkartAutomate.testFiles.HelplineFunctionalityTest" name="testHelplineFeature" time="2.903"/>
  <testcase classname="flipkartAutomate.testFiles.HelplineFunctionalityTest" name="testHelplineDisagreeFeature" time="2.793"/>
  <testcase classname="flipkartAutomate.testFiles.LoginTest" name="testInvalidLogin" time="4.406"/>
  <testcase classname="flipkartAutomate.testFiles.PincodeTest" name="testPincode" time="8.153"/>
  <testcase classname="flipkartAutomate.testFiles.PincodeTest" name="testIncorrectPincode" time="3.771"/>
  <testcase classname="flipkartAutomate.testFiles.ProductDetailTest" name="testProductDetails" time="8.698"/>
  <testcase classname="flipkartAutomate.testFiles.ProductSearchTest" name="testSearchData" time="4.386"/>
  <testcase classname="flipkartAutomate.testFiles.ProductSearchTest" name="testInvalidSearchData" time="3.797"/>
  <testcase classname="flipkartAutomate.testFiles.RegisterSellerTest" name="testSellerRegistration" time="10.088"/>
  <testcase classname="flipkartAutomate.testFiles.RemoveFromCartTest" name="setup" time="10.58">
    <skipped/>
    <system-out>skipping test :testRemoveFromCart
</system-out>
  </testcase>
  <testcase classname="flipkartAutomate.testFiles.RemoveFromCartTest" name="testRemoveFromCart" time="0.001">
    <skipped/>
  </testcase>
  <testcase classname="flipkartAutomate.testFiles.RemoveFromCartTest" name="teardown" time="0.001">
    <skipped/>
  </testcase>
  <testcase classname="flipkartAutomate.testFiles.SellerTest" name="testSellerFunctionality" time="1.307"/>
  <testcase classname="flipkartAutomate.testFiles.SignUpTest" name="testSignUp" time="22.163"/>
</testsuite>